#! /c/Source/iverilog-install/bin/vvp
:ivl_version "12.0 (devel)" "(s20150603-1539-g2693dd32b)";
:ivl_delay_selection "TYPICAL";
:vpi_time_precision + 0;
:vpi_module "C:\iverilog\lib\ivl\system.vpi";
:vpi_module "C:\iverilog\lib\ivl\vhdl_sys.vpi";
:vpi_module "C:\iverilog\lib\ivl\vhdl_textio.vpi";
:vpi_module "C:\iverilog\lib\ivl\v2005_math.vpi";
:vpi_module "C:\iverilog\lib\ivl\va_math.vpi";
S_000001ded0c02ce0 .scope module, "arithop" "arithop" 2 1;
 .timescale 0 0;
v000001ded0c02e70_0 .var/i "A", 31 0;
v000001ded0c02f10_0 .var/i "B", 31 0;
    .scope S_000001ded0c02ce0;
T_0 ;
    %pushi/vec4 10, 0, 32;
    %store/vec4 v000001ded0c02e70_0, 0, 32;
    %pushi/vec4 5, 0, 32;
    %store/vec4 v000001ded0c02f10_0, 0, 32;
    %vpi_call 2 9 "$display", "A = %d, B = %d", v000001ded0c02e70_0, v000001ded0c02f10_0 {0 0 0};
    %load/vec4 v000001ded0c02e70_0;
    %load/vec4 v000001ded0c02f10_0;
    %add;
    %vpi_call 2 10 "$display", "A + B = %d", S<0,vec4,s32> {1 0 0};
    %load/vec4 v000001ded0c02e70_0;
    %load/vec4 v000001ded0c02f10_0;
    %sub;
    %vpi_call 2 11 "$display", "A - B = %d", S<0,vec4,s32> {1 0 0};
    %load/vec4 v000001ded0c02e70_0;
    %load/vec4 v000001ded0c02f10_0;
    %mul;
    %vpi_call 2 12 "$display", "A * B = %d", S<0,vec4,s32> {1 0 0};
    %load/vec4 v000001ded0c02e70_0;
    %load/vec4 v000001ded0c02f10_0;
    %div/s;
    %vpi_call 2 13 "$display", "A / B = %d", S<0,vec4,s32> {1 0 0};
    %load/vec4 v000001ded0c02e70_0;
    %load/vec4 v000001ded0c02f10_0;
    %mod/s;
    %vpi_call 2 14 "$display", "A % B = %d", S<0,vec4,s32> {1 0 0};
    %vpi_call 2 16 "$finish" {0 0 0};
    %end;
    .thread T_0;
# The file index is used to find the file name in the following table.
:file_names 3;
    "N/A";
    "<interactive>";
    ".\operators\arithmatic operators\arithop.v";
