#! /c/Source/iverilog-install/bin/vvp
:ivl_version "12.0 (devel)" "(s20150603-1539-g2693dd32b)";
:ivl_delay_selection "TYPICAL";
:vpi_time_precision - 12;
:vpi_module "C:\iverilog\lib\ivl\system.vpi";
:vpi_module "C:\iverilog\lib\ivl\vhdl_sys.vpi";
:vpi_module "C:\iverilog\lib\ivl\vhdl_textio.vpi";
:vpi_module "C:\iverilog\lib\ivl\v2005_math.vpi";
:vpi_module "C:\iverilog\lib\ivl\va_math.vpi";
S_000001912efb5ee0 .scope module, "reg8_tb" "reg8_tb" 2 3;
 .timescale -9 -12;
v000001912efb6200_0 .var "D", 7 0;
v000001912efb62a0_0 .net "Q", 7 0, v000001912ef830e0_0;  1 drivers
v000001912f0cba30_0 .var "clk", 0 0;
S_000001912efb6070 .scope module, "uut" "reg8" 2 7, 3 1 0, S_000001912efb5ee0;
 .timescale 0 0;
    .port_info 0 /INPUT 1 "clk";
    .port_info 1 /INPUT 8 "D";
    .port_info 2 /OUTPUT 8 "Q";
v000001912ef83340_0 .net "D", 7 0, v000001912efb6200_0;  1 drivers
v000001912ef830e0_0 .var "Q", 7 0;
v000001912ef836d0_0 .net "clk", 0 0, v000001912f0cba30_0;  1 drivers
E_000001912f0cbf20 .event posedge, v000001912ef836d0_0;
    .scope S_000001912efb6070;
T_0 ;
    %wait E_000001912f0cbf20;
    %load/vec4 v000001912ef83340_0;
    %store/vec4 v000001912ef830e0_0, 0, 8;
    %jmp T_0;
    .thread T_0;
    .scope S_000001912efb5ee0;
T_1 ;
    %delay 5000, 0;
    %load/vec4 v000001912f0cba30_0;
    %inv;
    %store/vec4 v000001912f0cba30_0, 0, 1;
    %jmp T_1;
    .thread T_1;
    .scope S_000001912efb5ee0;
T_2 ;
    %vpi_call 2 15 "$dumpfile", "reg8.vcd" {0 0 0};
    %vpi_call 2 16 "$dumpvars", 32'sb00000000000000000000000000000000, S_000001912efb5ee0 {0 0 0};
    %pushi/vec4 0, 0, 1;
    %store/vec4 v000001912f0cba30_0, 0, 1;
    %pushi/vec4 0, 0, 8;
    %store/vec4 v000001912efb6200_0, 0, 8;
    %delay 10000, 0;
    %pushi/vec4 255, 0, 8;
    %store/vec4 v000001912efb6200_0, 0, 8;
    %delay 10000, 0;
    %pushi/vec4 170, 0, 8;
    %store/vec4 v000001912efb6200_0, 0, 8;
    %delay 10000, 0;
    %pushi/vec4 85, 0, 8;
    %store/vec4 v000001912efb6200_0, 0, 8;
    %delay 10000, 0;
    %vpi_call 2 32 "$finish" {0 0 0};
    %end;
    .thread T_2;
# The file index is used to find the file name in the following table.
:file_names 4;
    "N/A";
    "<interactive>";
    "reg8_tb.v";
    "reg8.v";
