#! /c/Source/iverilog-install/bin/vvp
:ivl_version "12.0 (devel)" "(s20150603-1539-g2693dd32b)";
:ivl_delay_selection "TYPICAL";
:vpi_time_precision - 12;
:vpi_module "C:\iverilog\lib\ivl\system.vpi";
:vpi_module "C:\iverilog\lib\ivl\vhdl_sys.vpi";
:vpi_module "C:\iverilog\lib\ivl\vhdl_textio.vpi";
:vpi_module "C:\iverilog\lib\ivl\v2005_math.vpi";
:vpi_module "C:\iverilog\lib\ivl\va_math.vpi";
S_000002d48aa238d0 .scope module, "not_gate_tb" "not_gate_tb" 2 3;
 .timescale -9 -12;
v000002d48aa0ef10_0 .var "A", 0 0;
v000002d48aa23bf0_0 .net "Y", 0 0, L_000002d48aa23360;  1 drivers
S_000002d48aa23a60 .scope module, "uut" "not_gate" 2 6, 3 1 0, S_000002d48aa238d0;
 .timescale 0 0;
    .port_info 0 /INPUT 1 "A";
    .port_info 1 /OUTPUT 1 "Y";
L_000002d48aa23360 .functor NOT 1, v000002d48aa0ef10_0, C4<0>, C4<0>, C4<0>;
v000002d48aa23580_0 .net "A", 0 0, v000002d48aa0ef10_0;  1 drivers
v000002d48aa230e0_0 .net "Y", 0 0, L_000002d48aa23360;  alias, 1 drivers
    .scope S_000002d48aa238d0;
T_0 ;
    %vpi_call 2 12 "$dumpfile", "not_gate.vcd" {0 0 0};
    %vpi_call 2 13 "$dumpvars", 32'sb00000000000000000000000000000000, S_000002d48aa238d0 {0 0 0};
    %vpi_call 2 15 "$display", "A | Y" {0 0 0};
    %vpi_call 2 16 "$monitor", "%b | %b", v000002d48aa0ef10_0, v000002d48aa23bf0_0 {0 0 0};
    %pushi/vec4 0, 0, 1;
    %store/vec4 v000002d48aa0ef10_0, 0, 1;
    %delay 10000, 0;
    %pushi/vec4 1, 0, 1;
    %store/vec4 v000002d48aa0ef10_0, 0, 1;
    %delay 10000, 0;
    %vpi_call 2 24 "$finish" {0 0 0};
    %end;
    .thread T_0;
# The file index is used to find the file name in the following table.
:file_names 4;
    "N/A";
    "<interactive>";
    "not_gate_tb.v";
    "not_gate.v";
