#! /c/Source/iverilog-install/bin/vvp
:ivl_version "12.0 (devel)" "(s20150603-1539-g2693dd32b)";
:ivl_delay_selection "TYPICAL";
:vpi_time_precision + 0;
:vpi_module "C:\iverilog\lib\ivl\system.vpi";
:vpi_module "C:\iverilog\lib\ivl\vhdl_sys.vpi";
:vpi_module "C:\iverilog\lib\ivl\vhdl_textio.vpi";
:vpi_module "C:\iverilog\lib\ivl\v2005_math.vpi";
:vpi_module "C:\iverilog\lib\ivl\va_math.vpi";
S_000001926efc5840 .scope module, "and_gate_tb" "and_gate_tb" 2 1;
 .timescale 0 0;
v000001926efc5b60_0 .var "A", 0 0;
v000001926efc5c00_0 .var "B", 0 0;
v000001926ef7baa0_0 .net "Y", 0 0, L_000001926ef77e00;  1 drivers
S_000001926efc59d0 .scope module, "uut" "and_gate" 2 7, 3 1 0, S_000001926efc5840;
 .timescale 0 0;
    .port_info 0 /INPUT 1 "A";
    .port_info 1 /INPUT 1 "B";
    .port_info 2 /OUTPUT 1 "Y";
L_000001926ef77e00 .functor AND 1, v000001926efc5b60_0, v000001926efc5c00_0, C4<1>, C4<1>;
v000001926ef93560_0 .net "A", 0 0, v000001926efc5b60_0;  1 drivers
v000001926ef930e0_0 .net "B", 0 0, v000001926efc5c00_0;  1 drivers
v000001926ef77d60_0 .net "Y", 0 0, L_000001926ef77e00;  alias, 1 drivers
    .scope S_000001926efc5840;
T_0 ;
    %vpi_call 2 15 "$dumpfile", "wave.vcd" {0 0 0};
    %vpi_call 2 16 "$dumpvars", 32'sb00000000000000000000000000000000, S_000001926efc5840 {0 0 0};
    %pushi/vec4 0, 0, 1;
    %store/vec4 v000001926efc5b60_0, 0, 1;
    %pushi/vec4 0, 0, 1;
    %store/vec4 v000001926efc5c00_0, 0, 1;
    %delay 10, 0;
    %pushi/vec4 0, 0, 1;
    %store/vec4 v000001926efc5b60_0, 0, 1;
    %pushi/vec4 1, 0, 1;
    %store/vec4 v000001926efc5c00_0, 0, 1;
    %delay 10, 0;
    %pushi/vec4 1, 0, 1;
    %store/vec4 v000001926efc5b60_0, 0, 1;
    %pushi/vec4 0, 0, 1;
    %store/vec4 v000001926efc5c00_0, 0, 1;
    %delay 10, 0;
    %pushi/vec4 1, 0, 1;
    %store/vec4 v000001926efc5b60_0, 0, 1;
    %pushi/vec4 1, 0, 1;
    %store/vec4 v000001926efc5c00_0, 0, 1;
    %delay 10, 0;
    %vpi_call 2 30 "$finish" {0 0 0};
    %end;
    .thread T_0;
# The file index is used to find the file name in the following table.
:file_names 4;
    "N/A";
    "<interactive>";
    "and_gate_tb.v";
    "and_gate.v";
